{
  message: '{"method":"POST","url":"/api/v1/socket","status":"200","responseTime":"54.668"}',
  level: 'info',
  timestamp: '2024-09-10T17:35:57.187Z'
}
{
  message: '{"method":"POST","url":"/api/v1/socket","status":"200","responseTime":"34.379"}',
  level: 'info',
  timestamp: '2024-09-10T17:37:33.944Z'
}
{
  message: '{"method":"POST","url":"/api/v1/socket","status":"200","responseTime":"39.344"}',
  level: 'info',
  timestamp: '2024-09-10T17:38:35.755Z'
}
{
  message: '{"method":"POST","url":"/api/v1/socket","status":"500","responseTime":"29.492"}',
  level: 'info',
  timestamp: '2024-09-11T09:39:53.186Z'
}
{
  message: '{"method":"POST","url":"/api/v1/socket","status":"200","responseTime":"25.067"}',
  level: 'info',
  timestamp: '2024-09-11T09:43:50.231Z'
}
{
  message: '{"method":"POST","url":"/api/v1/socket","status":"200","responseTime":"114.190"}',
  level: 'info',
  timestamp: '2024-09-11T09:57:32.137Z'
}
{
  message: '{"method":"POST","url":"/api/v1/socket","status":"200","responseTime":"47.994"}',
  level: 'info',
  timestamp: '2024-09-11T10:07:12.920Z'
}
